<?xml version="1.0" encoding="UTF-8"?>
<testng-results skipped="0" failed="0" ignored="0" total="1" passed="1">
  <reporter-output>
  </reporter-output>
  <suite name="SmokeSuite" duration-ms="29631" started-at="2019-11-07T04:44:23Z" finished-at="2019-11-07T04:44:53Z">
    <groups>
    </groups>
    <test name="SmokeRegistration" duration-ms="29631" started-at="2019-11-07T04:44:23Z" finished-at="2019-11-07T04:44:53Z">
      <class name="testcases.GmailLoginTestCases">
        <test-method status="PASS" signature="launchBrowser(java.lang.String)[pri:0, instance:testcases.GmailLoginTestCases@7d70d1b1]" name="launchBrowser" is-config="true" duration-ms="17328" started-at="2019-11-07T10:14:23Z" finished-at="2019-11-07T10:14:41Z">
          <params>
            <param index="0">
              <value>
                <![CDATA[firefox]]>
              </value>
            </param>
          </params>
          <reporter-output>
          </reporter-output>
        </test-method> <!-- launchBrowser -->
        <test-method status="PASS" signature="login(java.lang.String)[pri:0, instance:testcases.GmailLoginTestCases@7d70d1b1]" name="login" duration-ms="7832" started-at="2019-11-07T10:14:41Z" finished-at="2019-11-07T10:14:48Z">
          <params>
            <param index="0">
              <value>
                <![CDATA[firefox]]>
              </value>
            </param>
          </params>
          <reporter-output>
          </reporter-output>
        </test-method> <!-- login -->
        <test-method status="PASS" signature="result(org.testng.ITestResult)[pri:0, instance:testcases.GmailLoginTestCases@7d70d1b1]" name="result" is-config="true" duration-ms="0" started-at="2019-11-07T10:14:48Z" finished-at="2019-11-07T10:14:48Z">
          <params>
            <param index="0">
              <value>
                <![CDATA[[TestResult name=login status=SUCCESS method=GmailLoginTestCases.login(java.lang.String)[pri:0, instance:testcases.GmailLoginTestCases@7d70d1b1] output={null}]]]>
              </value>
            </param>
          </params>
          <reporter-output>
          </reporter-output>
        </test-method> <!-- result -->
        <test-method status="PASS" signature="tearDown()[pri:0, instance:testcases.GmailLoginTestCases@7d70d1b1]" name="tearDown" is-config="true" duration-ms="4448" started-at="2019-11-07T10:14:48Z" finished-at="2019-11-07T10:14:53Z">
          <reporter-output>
          </reporter-output>
        </test-method> <!-- tearDown -->
      </class> <!-- testcases.GmailLoginTestCases -->
    </test> <!-- SmokeRegistration -->
  </suite> <!-- SmokeSuite -->
</testng-results>
